12-May-21 11:27:34: root - INFO - SYSTEM STARTED
12-May-21 11:27:34: root - INFO - SYSTEM CONNECTED
12-May-21 11:27:36: root - INFO - set speed:400RPS
12-May-21 11:27:37: root - INFO - set speed:300RPS
12-May-21 11:27:38: root - INFO - Related_moving:-20mm
12-May-21 11:27:40: root - INFO - set speed:200RPS
12-May-21 11:27:41: root - INFO - Related_moving:-20mm
12-May-21 11:27:45: root - INFO - set speed:300RPS
12-May-21 11:27:45: root - INFO - set speed:400RPS
12-May-21 11:27:46: root - INFO - Related_moving:20mm
12-May-21 11:27:48: root - INFO - set speed:500RPS
12-May-21 11:27:48: root - INFO - set speed:600RPS
12-May-21 11:27:48: root - INFO - set speed:700RPS
12-May-21 11:27:49: root - INFO - Related_moving:20mm
12-May-21 11:27:52: root - INFO - set speed:800RPS
12-May-21 11:27:52: root - INFO - set speed:800RPS
12-May-21 11:27:53: root - INFO - Related_moving:20mm
12-May-21 11:27:56: root - INFO - Absolute_moving:0mm
12-May-21 11:27:56: root - INFO - Set default speed:500RPS
12-May-21 11:27:56: root - INFO - SYSTEM RESET
